Job ID: 8797928
Start time: Sun Feb 15 12:52:33 CST 2026
Requirement already satisfied: torch>=1.9.0 in /projects/e32998/env/lib/python3.12/site-packages (from -r /home/bdp1083/Code1_5_ModelTraining_9Feb_Ben/requirements.txt (line 2)) (2.9.0)
Requirement already satisfied: torchvision>=0.10.0 in /projects/e32998/env/lib/python3.12/site-packages (from -r /home/bdp1083/Code1_5_ModelTraining_9Feb_Ben/requirements.txt (line 3)) (0.24.0)
Requirement already satisfied: numpy>=1.21.0 in /projects/e32998/env/lib/python3.12/site-packages (from -r /home/bdp1083/Code1_5_ModelTraining_9Feb_Ben/requirements.txt (line 4)) (2.3.4)
Requirement already satisfied: pandas>=1.3.0 in /projects/e32998/env/lib/python3.12/site-packages (from -r /home/bdp1083/Code1_5_ModelTraining_9Feb_Ben/requirements.txt (line 5)) (2.3.3)
Requirement already satisfied: scikit-learn>=1.0.0 in /projects/e32998/env/lib/python3.12/site-packages (from -r /home/bdp1083/Code1_5_ModelTraining_9Feb_Ben/requirements.txt (line 6)) (1.7.2)
Requirement already satisfied: Pillow>=8.3.0 in /projects/e32998/env/lib/python3.12/site-packages (from -r /home/bdp1083/Code1_5_ModelTraining_9Feb_Ben/requirements.txt (line 7)) (12.0.0)
Requirement already satisfied: tqdm>=4.62.0 in /projects/e32998/env/lib/python3.12/site-packages (from -r /home/bdp1083/Code1_5_ModelTraining_9Feb_Ben/requirements.txt (line 8)) (4.67.1)
Requirement already satisfied: matplotlib>=3.5.0 in /projects/e32998/env/lib/python3.12/site-packages (from -r /home/bdp1083/Code1_5_ModelTraining_9Feb_Ben/requirements.txt (line 11)) (3.10.7)
Requirement already satisfied: seaborn>=0.11.0 in /projects/e32998/env/lib/python3.12/site-packages (from -r /home/bdp1083/Code1_5_ModelTraining_9Feb_Ben/requirements.txt (line 12)) (0.13.2)
Requirement already satisfied: optuna>=3.0.0 in /projects/e32998/env/lib/python3.12/site-packages (from -r /home/bdp1083/Code1_5_ModelTraining_9Feb_Ben/requirements.txt (line 15)) (4.7.0)
Requirement already satisfied: psutil>=5.8.0 in /projects/e32998/env/lib/python3.12/site-packages (from -r /home/bdp1083/Code1_5_ModelTraining_9Feb_Ben/requirements.txt (line 18)) (7.1.2)
Requirement already satisfied: imbalanced-learn>=0.8.0 in /projects/e32998/env/lib/python3.12/site-packages (from -r /home/bdp1083/Code1_5_ModelTraining_9Feb_Ben/requirements.txt (line 21)) (0.14.0)
Requirement already satisfied: filelock in /projects/e32998/env/lib/python3.12/site-packages (from torch>=1.9.0->-r /home/bdp1083/Code1_5_ModelTraining_9Feb_Ben/requirements.txt (line 2)) (3.20.0)
Requirement already satisfied: typing-extensions>=4.10.0 in /projects/e32998/env/lib/python3.12/site-packages (from torch>=1.9.0->-r /home/bdp1083/Code1_5_ModelTraining_9Feb_Ben/requirements.txt (line 2)) (4.15.0)
Requirement already satisfied: setuptools in /projects/e32998/env/lib/python3.12/site-packages (from torch>=1.9.0->-r /home/bdp1083/Code1_5_ModelTraining_9Feb_Ben/requirements.txt (line 2)) (80.9.0)
Requirement already satisfied: sympy>=1.13.3 in /projects/e32998/env/lib/python3.12/site-packages (from torch>=1.9.0->-r /home/bdp1083/Code1_5_ModelTraining_9Feb_Ben/requirements.txt (line 2)) (1.14.0)
Requirement already satisfied: networkx>=2.5.1 in /projects/e32998/env/lib/python3.12/site-packages (from torch>=1.9.0->-r /home/bdp1083/Code1_5_ModelTraining_9Feb_Ben/requirements.txt (line 2)) (3.5)
Requirement already satisfied: jinja2 in /projects/e32998/env/lib/python3.12/site-packages (from torch>=1.9.0->-r /home/bdp1083/Code1_5_ModelTraining_9Feb_Ben/requirements.txt (line 2)) (3.1.6)
Requirement already satisfied: fsspec>=0.8.5 in /projects/e32998/env/lib/python3.12/site-packages (from torch>=1.9.0->-r /home/bdp1083/Code1_5_ModelTraining_9Feb_Ben/requirements.txt (line 2)) (2025.9.0)
Requirement already satisfied: nvidia-cuda-nvrtc-cu12==12.8.93 in /projects/e32998/env/lib/python3.12/site-packages (from torch>=1.9.0->-r /home/bdp1083/Code1_5_ModelTraining_9Feb_Ben/requirements.txt (line 2)) (12.8.93)
Requirement already satisfied: nvidia-cuda-runtime-cu12==12.8.90 in /projects/e32998/env/lib/python3.12/site-packages (from torch>=1.9.0->-r /home/bdp1083/Code1_5_ModelTraining_9Feb_Ben/requirements.txt (line 2)) (12.8.90)
Requirement already satisfied: nvidia-cuda-cupti-cu12==12.8.90 in /projects/e32998/env/lib/python3.12/site-packages (from torch>=1.9.0->-r /home/bdp1083/Code1_5_ModelTraining_9Feb_Ben/requirements.txt (line 2)) (12.8.90)
Requirement already satisfied: nvidia-cudnn-cu12==9.10.2.21 in /projects/e32998/env/lib/python3.12/site-packages (from torch>=1.9.0->-r /home/bdp1083/Code1_5_ModelTraining_9Feb_Ben/requirements.txt (line 2)) (9.10.2.21)
Requirement already satisfied: nvidia-cublas-cu12==12.8.4.1 in /projects/e32998/env/lib/python3.12/site-packages (from torch>=1.9.0->-r /home/bdp1083/Code1_5_ModelTraining_9Feb_Ben/requirements.txt (line 2)) (12.8.4.1)
Requirement already satisfied: nvidia-cufft-cu12==11.3.3.83 in /projects/e32998/env/lib/python3.12/site-packages (from torch>=1.9.0->-r /home/bdp1083/Code1_5_ModelTraining_9Feb_Ben/requirements.txt (line 2)) (11.3.3.83)
Requirement already satisfied: nvidia-curand-cu12==10.3.9.90 in /projects/e32998/env/lib/python3.12/site-packages (from torch>=1.9.0->-r /home/bdp1083/Code1_5_ModelTraining_9Feb_Ben/requirements.txt (line 2)) (10.3.9.90)
Requirement already satisfied: nvidia-cusolver-cu12==11.7.3.90 in /projects/e32998/env/lib/python3.12/site-packages (from torch>=1.9.0->-r /home/bdp1083/Code1_5_ModelTraining_9Feb_Ben/requirements.txt (line 2)) (11.7.3.90)
Requirement already satisfied: nvidia-cusparse-cu12==12.5.8.93 in /projects/e32998/env/lib/python3.12/site-packages (from torch>=1.9.0->-r /home/bdp1083/Code1_5_ModelTraining_9Feb_Ben/requirements.txt (line 2)) (12.5.8.93)
Requirement already satisfied: nvidia-cusparselt-cu12==0.7.1 in /projects/e32998/env/lib/python3.12/site-packages (from torch>=1.9.0->-r /home/bdp1083/Code1_5_ModelTraining_9Feb_Ben/requirements.txt (line 2)) (0.7.1)
Requirement already satisfied: nvidia-nccl-cu12==2.27.5 in /projects/e32998/env/lib/python3.12/site-packages (from torch>=1.9.0->-r /home/bdp1083/Code1_5_ModelTraining_9Feb_Ben/requirements.txt (line 2)) (2.27.5)
Requirement already satisfied: nvidia-nvshmem-cu12==3.3.20 in /projects/e32998/env/lib/python3.12/site-packages (from torch>=1.9.0->-r /home/bdp1083/Code1_5_ModelTraining_9Feb_Ben/requirements.txt (line 2)) (3.3.20)
Requirement already satisfied: nvidia-nvtx-cu12==12.8.90 in /projects/e32998/env/lib/python3.12/site-packages (from torch>=1.9.0->-r /home/bdp1083/Code1_5_ModelTraining_9Feb_Ben/requirements.txt (line 2)) (12.8.90)
Requirement already satisfied: nvidia-nvjitlink-cu12==12.8.93 in /projects/e32998/env/lib/python3.12/site-packages (from torch>=1.9.0->-r /home/bdp1083/Code1_5_ModelTraining_9Feb_Ben/requirements.txt (line 2)) (12.8.93)
Requirement already satisfied: nvidia-cufile-cu12==1.13.1.3 in /projects/e32998/env/lib/python3.12/site-packages (from torch>=1.9.0->-r /home/bdp1083/Code1_5_ModelTraining_9Feb_Ben/requirements.txt (line 2)) (1.13.1.3)
Requirement already satisfied: triton==3.5.0 in /projects/e32998/env/lib/python3.12/site-packages (from torch>=1.9.0->-r /home/bdp1083/Code1_5_ModelTraining_9Feb_Ben/requirements.txt (line 2)) (3.5.0)
Requirement already satisfied: python-dateutil>=2.8.2 in /projects/e32998/env/lib/python3.12/site-packages (from pandas>=1.3.0->-r /home/bdp1083/Code1_5_ModelTraining_9Feb_Ben/requirements.txt (line 5)) (2.9.0.post0)
Requirement already satisfied: pytz>=2020.1 in /projects/e32998/env/lib/python3.12/site-packages (from pandas>=1.3.0->-r /home/bdp1083/Code1_5_ModelTraining_9Feb_Ben/requirements.txt (line 5)) (2025.2)
Requirement already satisfied: tzdata>=2022.7 in /projects/e32998/env/lib/python3.12/site-packages (from pandas>=1.3.0->-r /home/bdp1083/Code1_5_ModelTraining_9Feb_Ben/requirements.txt (line 5)) (2025.2)
Requirement already satisfied: scipy>=1.8.0 in /projects/e32998/env/lib/python3.12/site-packages (from scikit-learn>=1.0.0->-r /home/bdp1083/Code1_5_ModelTraining_9Feb_Ben/requirements.txt (line 6)) (1.16.3)
Requirement already satisfied: joblib>=1.2.0 in /projects/e32998/env/lib/python3.12/site-packages (from scikit-learn>=1.0.0->-r /home/bdp1083/Code1_5_ModelTraining_9Feb_Ben/requirements.txt (line 6)) (1.5.2)
Requirement already satisfied: threadpoolctl>=3.1.0 in /projects/e32998/env/lib/python3.12/site-packages (from scikit-learn>=1.0.0->-r /home/bdp1083/Code1_5_ModelTraining_9Feb_Ben/requirements.txt (line 6)) (3.6.0)
Requirement already satisfied: contourpy>=1.0.1 in /projects/e32998/env/lib/python3.12/site-packages (from matplotlib>=3.5.0->-r /home/bdp1083/Code1_5_ModelTraining_9Feb_Ben/requirements.txt (line 11)) (1.3.3)
Requirement already satisfied: cycler>=0.10 in /projects/e32998/env/lib/python3.12/site-packages (from matplotlib>=3.5.0->-r /home/bdp1083/Code1_5_ModelTraining_9Feb_Ben/requirements.txt (line 11)) (0.12.1)
Requirement already satisfied: fonttools>=4.22.0 in /projects/e32998/env/lib/python3.12/site-packages (from matplotlib>=3.5.0->-r /home/bdp1083/Code1_5_ModelTraining_9Feb_Ben/requirements.txt (line 11)) (4.60.1)
Requirement already satisfied: kiwisolver>=1.3.1 in /projects/e32998/env/lib/python3.12/site-packages (from matplotlib>=3.5.0->-r /home/bdp1083/Code1_5_ModelTraining_9Feb_Ben/requirements.txt (line 11)) (1.4.9)
Requirement already satisfied: packaging>=20.0 in /projects/e32998/env/lib/python3.12/site-packages (from matplotlib>=3.5.0->-r /home/bdp1083/Code1_5_ModelTraining_9Feb_Ben/requirements.txt (line 11)) (25.0)
Requirement already satisfied: pyparsing>=3 in /projects/e32998/env/lib/python3.12/site-packages (from matplotlib>=3.5.0->-r /home/bdp1083/Code1_5_ModelTraining_9Feb_Ben/requirements.txt (line 11)) (3.2.5)
Requirement already satisfied: alembic>=1.5.0 in /projects/e32998/env/lib/python3.12/site-packages (from optuna>=3.0.0->-r /home/bdp1083/Code1_5_ModelTraining_9Feb_Ben/requirements.txt (line 15)) (1.18.3)
Requirement already satisfied: colorlog in /projects/e32998/env/lib/python3.12/site-packages (from optuna>=3.0.0->-r /home/bdp1083/Code1_5_ModelTraining_9Feb_Ben/requirements.txt (line 15)) (6.10.1)
Requirement already satisfied: sqlalchemy>=1.4.2 in /projects/e32998/env/lib/python3.12/site-packages (from optuna>=3.0.0->-r /home/bdp1083/Code1_5_ModelTraining_9Feb_Ben/requirements.txt (line 15)) (2.0.46)
Requirement already satisfied: PyYAML in /projects/e32998/env/lib/python3.12/site-packages (from optuna>=3.0.0->-r /home/bdp1083/Code1_5_ModelTraining_9Feb_Ben/requirements.txt (line 15)) (6.0.3)
Requirement already satisfied: Mako in /projects/e32998/env/lib/python3.12/site-packages (from alembic>=1.5.0->optuna>=3.0.0->-r /home/bdp1083/Code1_5_ModelTraining_9Feb_Ben/requirements.txt (line 15)) (1.3.10)
Requirement already satisfied: six>=1.5 in /projects/e32998/env/lib/python3.12/site-packages (from python-dateutil>=2.8.2->pandas>=1.3.0->-r /home/bdp1083/Code1_5_ModelTraining_9Feb_Ben/requirements.txt (line 5)) (1.17.0)
Requirement already satisfied: greenlet>=1 in /projects/e32998/env/lib/python3.12/site-packages (from sqlalchemy>=1.4.2->optuna>=3.0.0->-r /home/bdp1083/Code1_5_ModelTraining_9Feb_Ben/requirements.txt (line 15)) (3.3.1)
Requirement already satisfied: mpmath<1.4,>=1.1.0 in /projects/e32998/env/lib/python3.12/site-packages (from sympy>=1.13.3->torch>=1.9.0->-r /home/bdp1083/Code1_5_ModelTraining_9Feb_Ben/requirements.txt (line 2)) (1.3.0)
Requirement already satisfied: MarkupSafe>=2.0 in /projects/e32998/env/lib/python3.12/site-packages (from jinja2->torch>=1.9.0->-r /home/bdp1083/Code1_5_ModelTraining_9Feb_Ben/requirements.txt (line 2)) (3.0.3)
Requirement already satisfied: certifi in /projects/e32998/env/lib/python3.12/site-packages (2026.1.4)
Random seed set to 42
Using CPU
Created run directory: /projects/e32998/MIL_training/final_runs/run_20260215_125301
================================================================================
HIERARCHICAL ATTENTION MIL TRAINING
================================================================================
Arguments: {'labels_csv': '/projects/e32998/Fall2025_arXiv/MIL_training/case_grade_match.csv', 'patches_dir': '/projects/e32998/patches', 'epochs': 30, 'lr': 0.0003818145165896873, 'batch_size': 1, 'num_workers': 2, 'embed_dim': 512, 'per_slice_cap': 500, 'max_slices_per_stain': 5, 'seed': 42, 'resume': None, 'eval_only': False, 'analyze_attention': True, 'attention_top_n': 8, 'load_splits': '/projects/e32998/STAT390_Winter2026/Team4/Code/Code1_5_ModelTraining_9Feb_Ben/data_splits/data_splits_01.npz', 'checkpoint_dir': '/projects/e32998/MIL_training/final_runs/run_20260215_125301/checkpoints'}
Training config (may be overridden by arguments): {'epochs': 30, 'batch_size': 1, 'learning_rate': 0.0003818145165896873, 'weight_decay': 8.152843673110742e-05, 'num_workers': 2, 'pin_memory': True, 'random_state': 42, 'class_weights': [1.8668090197068676, 1.0], 'dropout': 0.2545474901621302, 'use_scheduler': True, 'scheduler_type': 'reduce_on_plateau', 'scheduler_patience': 3, 'scheduler_factor': 0.35742692948967136, 'scheduler_min_lr': 1e-06, 'early_stopping': True, 'early_stopping_patience': 8, 'early_stopping_min_delta': 0.001, 'early_stopping_min_epochs': 10}
============================================================
PREPARING DATA
============================================================
Loaded 105 labels
Found 83595 patch files
All 3808 non-standard file names were handled.
Grouped into 378 slices
Mapped 366 slices to classes
Class distribution: {0: 128, 1: 238}

----------------------------------------
SPLITTING DATA
----------------------------------------
Loading existing splits from: /projects/e32998/STAT390_Winter2026/Team4/Code/Code1_5_ModelTraining_9Feb_Ben/data_splits/data_splits_01.npz
Data splits loaded from: /projects/e32998/STAT390_Winter2026/Team4/Code/Code1_5_ModelTraining_9Feb_Ben/data_splits/data_splits_01.npz
Loaded splits - Train: 222, Val: 72, Test: 68
Cases per split: 50 17 18
Paths per split: 47679 15631 16166
No leakage between train & val (cases).
No leakage between train & test (cases).
No leakage between val & test (cases).
No leakage between train & val (paths).
No leakage between train & test (paths).
No leakage between val & test (paths).

Data Summary:
==================================================

Label distribution per split:
label   0   1
split        
test    6  12
train  17  33
val     5  12

Mean patches per stain per split:
       h&e_patches  melan_patches  sox10_patches
split                                           
test         409.2          250.9          238.1
train        470.5          263.2          219.9
val          504.8          241.9          172.8

Median patches per stain per split:
       h&e_patches  melan_patches  sox10_patches
split                                           
test         364.5          173.5          160.0
train        324.0          194.0          182.0
val          273.0          175.0          162.0

Missing stain proportion:
       h&e_missing  melan_missing  sox10_missing
split                                           
test           0.0          0.111          0.000
train          0.0          0.000          0.020
val            0.0          0.059          0.059

Total cases: 85
Total patches: 79,476
==================================================

Patch count by class for Train:
  Benign (0):     15639 patches
  High-grade (1): 32040 patches

Patch count by class for Validation:
  Benign (0):     5968 patches
  High-grade (1): 9663 patches

Patch count by class for Test:
  Benign (0):     4130 patches
  High-grade (1): 12036 patches

Data Integrity Check for Train:
Stain coverage:
  h&e: 50/50 (100.0%)
  melan: 50/50 (100.0%)
  sox10: 49/50 (98.0%)
No issues found

Data Integrity Check for Validation:
Stain coverage:
  h&e: 17/17 (100.0%)
  melan: 16/17 (94.1%)
  sox10: 16/17 (94.1%)
No issues found

Data Integrity Check for Test:
Stain coverage:
  h&e: 18/18 (100.0%)
  melan: 16/18 (88.9%)
  sox10: 18/18 (100.0%)
No issues found
Using existing splits from: /projects/e32998/STAT390_Winter2026/Team4/Code/Code1_5_ModelTraining_9Feb_Ben/data_splits/data_splits_01.npz

============================================================
CREATING DATA LOADERS
============================================================
Created data loaders - Train: 50, Val: 17, Test: 18

============================================================
CREATING MODEL
============================================================

Model Summary:
==================================================
Total parameters: 9,249,925
Trainable parameters: 2,296,069
Model size: 35.29 MB
==================================================

============================================================
TRAINING MODEL
============================================================
Starting training from epoch 1 to 30
Device: cpu
Model parameters: 9,249,925
Learning rate scheduler: ReduceLROnPlateau
Early stopping enabled (patience=8)

Epoch 1/30 (LR: 3.82e-04)
Train Loss: 1.3386, Val Loss: 0.6594, Val Acc: 0.7059
Checkpoint saved: /projects/e32998/MIL_training/final_runs/run_20260215_125301/checkpoints/20260215_131056_HierarchicalAttnMIL_epoch1.pth
New best validation loss: 0.6594

Epoch 2/30 (LR: 3.82e-04)
Train Loss: 0.7384, Val Loss: 0.6185, Val Acc: 0.7059
Checkpoint saved: /projects/e32998/MIL_training/final_runs/run_20260215_125301/checkpoints/20260215_132844_HierarchicalAttnMIL_epoch2.pth
New best validation loss: 0.6185

Epoch 3/30 (LR: 3.82e-04)
Train Loss: 0.6864, Val Loss: 0.6031, Val Acc: 0.7059
Checkpoint saved: /projects/e32998/MIL_training/final_runs/run_20260215_125301/checkpoints/20260215_134615_HierarchicalAttnMIL_epoch3.pth
New best validation loss: 0.6031

Epoch 4/30 (LR: 3.82e-04)
Train Loss: 0.6494, Val Loss: 0.6158, Val Acc: 0.7059
Checkpoint saved: /projects/e32998/MIL_training/final_runs/run_20260215_125301/checkpoints/20260215_140349_HierarchicalAttnMIL_epoch4.pth
No improvement for 1 epoch(s)

Epoch 5/30 (LR: 3.82e-04)
Train Loss: 0.6534, Val Loss: 0.5969, Val Acc: 0.7059
Checkpoint saved: /projects/e32998/MIL_training/final_runs/run_20260215_125301/checkpoints/20260215_144610_HierarchicalAttnMIL_epoch5.pth
New best validation loss: 0.5969

Epoch 6/30 (LR: 3.82e-04)
Train Loss: 0.6425, Val Loss: 0.5703, Val Acc: 0.7059
Checkpoint saved: /projects/e32998/MIL_training/final_runs/run_20260215_125301/checkpoints/20260215_152308_HierarchicalAttnMIL_epoch6.pth
New best validation loss: 0.5703

Epoch 7/30 (LR: 3.82e-04)
Train Loss: 0.6260, Val Loss: 0.5715, Val Acc: 0.7059
Checkpoint saved: /projects/e32998/MIL_training/final_runs/run_20260215_125301/checkpoints/20260215_155623_HierarchicalAttnMIL_epoch7.pth
No improvement for 1 epoch(s)

Epoch 8/30 (LR: 3.82e-04)
Train Loss: 0.5368, Val Loss: 0.5741, Val Acc: 0.8235
Checkpoint saved: /projects/e32998/MIL_training/final_runs/run_20260215_125301/checkpoints/20260215_161340_HierarchicalAttnMIL_epoch8.pth
No improvement for 2 epoch(s)

Epoch 9/30 (LR: 3.82e-04)
Train Loss: 0.5544, Val Loss: 0.5742, Val Acc: 0.6471
Checkpoint saved: /projects/e32998/MIL_training/final_runs/run_20260215_125301/checkpoints/20260215_163055_HierarchicalAttnMIL_epoch9.pth
No improvement for 3 epoch(s)

Epoch 10/30 (LR: 3.82e-04)
Train Loss: 0.6518, Val Loss: 0.5324, Val Acc: 0.7059
Checkpoint saved: /projects/e32998/MIL_training/final_runs/run_20260215_125301/checkpoints/20260215_164812_HierarchicalAttnMIL_epoch10.pth
New best validation loss: 0.5324

Epoch 11/30 (LR: 3.82e-04)
Train Loss: 0.5911, Val Loss: 0.5236, Val Acc: 0.7059
Checkpoint saved: /projects/e32998/MIL_training/final_runs/run_20260215_125301/checkpoints/20260215_170543_HierarchicalAttnMIL_epoch11.pth
New best validation loss: 0.5236

Epoch 12/30 (LR: 3.82e-04)
Train Loss: 0.5135, Val Loss: 0.5609, Val Acc: 0.7059
Checkpoint saved: /projects/e32998/MIL_training/final_runs/run_20260215_125301/checkpoints/20260215_172306_HierarchicalAttnMIL_epoch12.pth
No improvement for 1 epoch(s)

Epoch 13/30 (LR: 3.82e-04)
Train Loss: 0.4212, Val Loss: 0.7195, Val Acc: 0.7059
Checkpoint saved: /projects/e32998/MIL_training/final_runs/run_20260215_125301/checkpoints/20260215_174048_HierarchicalAttnMIL_epoch13.pth
No improvement for 2 epoch(s)

Epoch 14/30 (LR: 3.82e-04)
Train Loss: 0.5120, Val Loss: 0.6679, Val Acc: 0.7059
Checkpoint saved: /projects/e32998/MIL_training/final_runs/run_20260215_125301/checkpoints/20260215_175816_HierarchicalAttnMIL_epoch14.pth
No improvement for 3 epoch(s)

Epoch 15/30 (LR: 3.82e-04)
Train Loss: 0.4119, Val Loss: 0.4784, Val Acc: 0.8235
Checkpoint saved: /projects/e32998/MIL_training/final_runs/run_20260215_125301/checkpoints/20260215_181530_HierarchicalAttnMIL_epoch15.pth
New best validation loss: 0.4784

Epoch 16/30 (LR: 3.82e-04)
Train Loss: 0.3313, Val Loss: 0.4758, Val Acc: 0.7647
Checkpoint saved: /projects/e32998/MIL_training/final_runs/run_20260215_125301/checkpoints/20260215_183245_HierarchicalAttnMIL_epoch16.pth
New best validation loss: 0.4758

Epoch 17/30 (LR: 3.82e-04)
Train Loss: 0.4304, Val Loss: 0.5897, Val Acc: 0.5882
Checkpoint saved: /projects/e32998/MIL_training/final_runs/run_20260215_125301/checkpoints/20260215_184946_HierarchicalAttnMIL_epoch17.pth
No improvement for 1 epoch(s)

Epoch 18/30 (LR: 3.82e-04)
Train Loss: 0.4213, Val Loss: 0.5885, Val Acc: 0.6471
Checkpoint saved: /projects/e32998/MIL_training/final_runs/run_20260215_125301/checkpoints/20260215_190711_HierarchicalAttnMIL_epoch18.pth
No improvement for 2 epoch(s)

Epoch 19/30 (LR: 3.82e-04)
Train Loss: 0.3622, Val Loss: 0.7012, Val Acc: 0.7647
Checkpoint saved: /projects/e32998/MIL_training/final_runs/run_20260215_125301/checkpoints/20260215_192421_HierarchicalAttnMIL_epoch19.pth
No improvement for 3 epoch(s)

Epoch 20/30 (LR: 3.82e-04)
Train Loss: 0.2385, Val Loss: 0.7210, Val Acc: 0.7647
Checkpoint saved: /projects/e32998/MIL_training/final_runs/run_20260215_125301/checkpoints/20260215_194140_HierarchicalAttnMIL_epoch20.pth
No improvement for 4 epoch(s)

Epoch 21/30 (LR: 1.36e-04)
Train Loss: 0.1754, Val Loss: 0.6123, Val Acc: 0.8235
Checkpoint saved: /projects/e32998/MIL_training/final_runs/run_20260215_125301/checkpoints/20260215_195900_HierarchicalAttnMIL_epoch21.pth
No improvement for 5 epoch(s)

Epoch 22/30 (LR: 1.36e-04)
Train Loss: 0.1716, Val Loss: 0.5473, Val Acc: 0.6471
Checkpoint saved: /projects/e32998/MIL_training/final_runs/run_20260215_125301/checkpoints/20260215_201636_HierarchicalAttnMIL_epoch22.pth
No improvement for 6 epoch(s)

Epoch 23/30 (LR: 1.36e-04)
Train Loss: 0.1939, Val Loss: 1.0607, Val Acc: 0.7059
Checkpoint saved: /projects/e32998/MIL_training/final_runs/run_20260215_125301/checkpoints/20260215_203424_HierarchicalAttnMIL_epoch23.pth
No improvement for 7 epoch(s)

Epoch 24/30 (LR: 1.36e-04)
Train Loss: 0.2480, Val Loss: 0.7027, Val Acc: 0.8235
Checkpoint saved: /projects/e32998/MIL_training/final_runs/run_20260215_125301/checkpoints/20260215_205145_HierarchicalAttnMIL_epoch24.pth
No improvement for 8 epoch(s)

Early stopping triggered after 24 epochs
Best validation loss: 0.4758

Training completed!

============================================================
EVALUATING MODEL
============================================================
Predictions saved to: /projects/e32998/MIL_training/final_runs/run_20260215_125301/predictions.csv
Confusion matrix saved to: /projects/e32998/MIL_training/final_runs/run_20260215_125301/confusion_matrix.png

Test Results:
Test Loss: 1.5601
Test Accuracy: 0.6667
Samples: 18

============================================================
ATTENTION ANALYSIS
============================================================
Attention summary saved to: /projects/e32998/MIL_training/final_runs/run_20260215_125301/attention_analysis/attention_summary.txt
Per-case effective patch attention distributions saved.
Per-case & per-stain slice attention rank plots saved to: /projects/e32998/MIL_training/final_runs/run_20260215_125301/attention_analysis/slice_attention
Per-case top 5.0% effective patches CSV saved to: /projects/e32998/MIL_training/final_runs/run_20260215_125301/attention_analysis/top_effective_patches_per_case_5.0pct.csv
Per-case top 5.0% summary saved to: /projects/e32998/MIL_training/final_runs/run_20260215_125301/attention_analysis/top_effective_patches_per_case_summary_5.0pct.txt
Attention analysis saved to: /projects/e32998/MIL_training/final_runs/run_20260215_125301/attention_analysis

Results saved to: /projects/e32998/MIL_training/final_runs/run_20260215_125301
Training completed successfully!
