Job ID: 8633646
Start time: Thu Feb 12 10:32:40 CST 2026
Requirement already satisfied: certifi in /projects/e32998/env/lib/python3.12/site-packages (2026.1.4)
Random seed set to 42
Using CPU
Created run directory: /projects/e32998/MIL_training/final_runs/run_20260212_103326
================================================================================
HIERARCHICAL ATTENTION MIL TRAINING
================================================================================
Arguments: {'labels_csv': '/projects/e32998/STAT390_Winter2026/Data/case_grade_match.csv', 'patches_dir': '/projects/e32998/patches', 'epochs': 30, 'lr': 0.0003, 'batch_size': 1, 'num_workers': 2, 'embed_dim': 512, 'per_slice_cap': 500, 'max_slices_per_stain': 5, 'seed': 42, 'resume': None, 'eval_only': False, 'analyze_attention': True, 'attention_top_n': 8, 'load_splits': '/projects/e32998/STAT390_Winter2026/Team4/Code/Code1_ModelTraining_29Jan_Ben/data_splits/data_splits_01.npz', 'checkpoint_dir': '/projects/e32998/MIL_training/final_runs/run_20260212_103326/checkpoints'}
Training config (may be overridden by arguments): {'epochs': 30, 'batch_size': 1, 'learning_rate': 0.0003, 'weight_decay': 0.0002, 'num_workers': 2, 'pin_memory': True, 'random_state': 42, 'class_weights': [2.5, 1.0], 'dropout': 0.3, 'use_scheduler': True, 'scheduler_type': 'reduce_on_plateau', 'scheduler_patience': 3, 'scheduler_factor': 0.3, 'scheduler_min_lr': 1e-06, 'early_stopping': True, 'early_stopping_patience': 8, 'early_stopping_min_delta': 0.001, 'early_stopping_min_epochs': 10}
============================================================
PREPARING DATA
============================================================
Loaded 105 labels
Found 83595 patch files
All 3808 non-standard file names were handled.
Grouped into 378 slices
Mapped 366 slices to classes
Class distribution: {0: 128, 1: 238}

----------------------------------------
SPLITTING DATA
----------------------------------------
Loading existing splits from: /projects/e32998/STAT390_Winter2026/Team4/Code/Code1_ModelTraining_29Jan_Ben/data_splits/data_splits_01.npz
Data splits loaded from: /projects/e32998/STAT390_Winter2026/Team4/Code/Code1_ModelTraining_29Jan_Ben/data_splits/data_splits_01.npz
Loaded splits - Train: 222, Val: 72, Test: 68
Cases per split: 50 17 18
Paths per split: 47679 15631 16166
No leakage between train & val (cases).
No leakage between train & test (cases).
No leakage between val & test (cases).
No leakage between train & val (paths).
No leakage between train & test (paths).
No leakage between val & test (paths).

Data Summary:
==================================================

Label distribution per split:
label   0   1
split        
test    6  12
train  17  33
val     5  12

Mean patches per stain per split:
       h&e_patches  melan_patches  sox10_patches
split                                           
test         409.2          250.9          238.1
train        470.5          263.2          219.9
val          504.8          241.9          172.8

Median patches per stain per split:
       h&e_patches  melan_patches  sox10_patches
split                                           
test         364.5          173.5          160.0
train        324.0          194.0          182.0
val          273.0          175.0          162.0

Missing stain proportion:
       h&e_missing  melan_missing  sox10_missing
split                                           
test           0.0          0.111          0.000
train          0.0          0.000          0.020
val            0.0          0.059          0.059

Total cases: 85
Total patches: 79,476
==================================================

Patch count by class for Train:
  Benign (0):     15639 patches
  High-grade (1): 32040 patches

Patch count by class for Validation:
  Benign (0):     5968 patches
  High-grade (1): 9663 patches

Patch count by class for Test:
  Benign (0):     4130 patches
  High-grade (1): 12036 patches

Data Integrity Check for Train:
Stain coverage:
  h&e: 50/50 (100.0%)
  melan: 50/50 (100.0%)
  sox10: 49/50 (98.0%)
No issues found

Data Integrity Check for Validation:
Stain coverage:
  h&e: 17/17 (100.0%)
  melan: 16/17 (94.1%)
  sox10: 16/17 (94.1%)
No issues found

Data Integrity Check for Test:
Stain coverage:
  h&e: 18/18 (100.0%)
  melan: 16/18 (88.9%)
  sox10: 18/18 (100.0%)
No issues found
Using existing splits from: /projects/e32998/STAT390_Winter2026/Team4/Code/Code1_ModelTraining_29Jan_Ben/data_splits/data_splits_01.npz

============================================================
CREATING DATA LOADERS
============================================================
Created data loaders - Train: 50, Val: 17, Test: 18

============================================================
CREATING MODEL
============================================================

Model Summary:
==================================================
Total parameters: 9,249,925
Trainable parameters: 2,296,069
Model size: 35.29 MB
==================================================

============================================================
TRAINING MODEL
============================================================
Starting training from epoch 1 to 30
Device: cpu
Model parameters: 9,249,925
Learning rate scheduler: ReduceLROnPlateau
Early stopping enabled (patience=8)

Epoch 1/30 (LR: 3.00e-04)
