Job ID: 8798861
Start time: Sun Feb 15 13:26:30 CST 2026
Requirement already satisfied: torch>=1.9.0 in /projects/e32998/env/lib/python3.12/site-packages (from -r /home/bdp1083/Code1_5_ModelTraining_9Feb_Ben/requirements.txt (line 2)) (2.9.0)
Requirement already satisfied: torchvision>=0.10.0 in /projects/e32998/env/lib/python3.12/site-packages (from -r /home/bdp1083/Code1_5_ModelTraining_9Feb_Ben/requirements.txt (line 3)) (0.24.0)
Requirement already satisfied: numpy>=1.21.0 in /projects/e32998/env/lib/python3.12/site-packages (from -r /home/bdp1083/Code1_5_ModelTraining_9Feb_Ben/requirements.txt (line 4)) (2.3.4)
Requirement already satisfied: pandas>=1.3.0 in /projects/e32998/env/lib/python3.12/site-packages (from -r /home/bdp1083/Code1_5_ModelTraining_9Feb_Ben/requirements.txt (line 5)) (2.3.3)
Requirement already satisfied: scikit-learn>=1.0.0 in /projects/e32998/env/lib/python3.12/site-packages (from -r /home/bdp1083/Code1_5_ModelTraining_9Feb_Ben/requirements.txt (line 6)) (1.7.2)
Requirement already satisfied: Pillow>=8.3.0 in /projects/e32998/env/lib/python3.12/site-packages (from -r /home/bdp1083/Code1_5_ModelTraining_9Feb_Ben/requirements.txt (line 7)) (12.0.0)
Requirement already satisfied: tqdm>=4.62.0 in /projects/e32998/env/lib/python3.12/site-packages (from -r /home/bdp1083/Code1_5_ModelTraining_9Feb_Ben/requirements.txt (line 8)) (4.67.1)
Requirement already satisfied: matplotlib>=3.5.0 in /projects/e32998/env/lib/python3.12/site-packages (from -r /home/bdp1083/Code1_5_ModelTraining_9Feb_Ben/requirements.txt (line 11)) (3.10.7)
Requirement already satisfied: seaborn>=0.11.0 in /projects/e32998/env/lib/python3.12/site-packages (from -r /home/bdp1083/Code1_5_ModelTraining_9Feb_Ben/requirements.txt (line 12)) (0.13.2)
Requirement already satisfied: optuna>=3.0.0 in /projects/e32998/env/lib/python3.12/site-packages (from -r /home/bdp1083/Code1_5_ModelTraining_9Feb_Ben/requirements.txt (line 15)) (4.7.0)
Requirement already satisfied: psutil>=5.8.0 in /projects/e32998/env/lib/python3.12/site-packages (from -r /home/bdp1083/Code1_5_ModelTraining_9Feb_Ben/requirements.txt (line 18)) (7.1.2)
Requirement already satisfied: imbalanced-learn>=0.8.0 in /projects/e32998/env/lib/python3.12/site-packages (from -r /home/bdp1083/Code1_5_ModelTraining_9Feb_Ben/requirements.txt (line 21)) (0.14.0)
Requirement already satisfied: filelock in /projects/e32998/env/lib/python3.12/site-packages (from torch>=1.9.0->-r /home/bdp1083/Code1_5_ModelTraining_9Feb_Ben/requirements.txt (line 2)) (3.20.0)
Requirement already satisfied: typing-extensions>=4.10.0 in /projects/e32998/env/lib/python3.12/site-packages (from torch>=1.9.0->-r /home/bdp1083/Code1_5_ModelTraining_9Feb_Ben/requirements.txt (line 2)) (4.15.0)
Requirement already satisfied: setuptools in /projects/e32998/env/lib/python3.12/site-packages (from torch>=1.9.0->-r /home/bdp1083/Code1_5_ModelTraining_9Feb_Ben/requirements.txt (line 2)) (80.9.0)
Requirement already satisfied: sympy>=1.13.3 in /projects/e32998/env/lib/python3.12/site-packages (from torch>=1.9.0->-r /home/bdp1083/Code1_5_ModelTraining_9Feb_Ben/requirements.txt (line 2)) (1.14.0)
Requirement already satisfied: networkx>=2.5.1 in /projects/e32998/env/lib/python3.12/site-packages (from torch>=1.9.0->-r /home/bdp1083/Code1_5_ModelTraining_9Feb_Ben/requirements.txt (line 2)) (3.5)
Requirement already satisfied: jinja2 in /projects/e32998/env/lib/python3.12/site-packages (from torch>=1.9.0->-r /home/bdp1083/Code1_5_ModelTraining_9Feb_Ben/requirements.txt (line 2)) (3.1.6)
Requirement already satisfied: fsspec>=0.8.5 in /projects/e32998/env/lib/python3.12/site-packages (from torch>=1.9.0->-r /home/bdp1083/Code1_5_ModelTraining_9Feb_Ben/requirements.txt (line 2)) (2025.9.0)
Requirement already satisfied: nvidia-cuda-nvrtc-cu12==12.8.93 in /projects/e32998/env/lib/python3.12/site-packages (from torch>=1.9.0->-r /home/bdp1083/Code1_5_ModelTraining_9Feb_Ben/requirements.txt (line 2)) (12.8.93)
Requirement already satisfied: nvidia-cuda-runtime-cu12==12.8.90 in /projects/e32998/env/lib/python3.12/site-packages (from torch>=1.9.0->-r /home/bdp1083/Code1_5_ModelTraining_9Feb_Ben/requirements.txt (line 2)) (12.8.90)
Requirement already satisfied: nvidia-cuda-cupti-cu12==12.8.90 in /projects/e32998/env/lib/python3.12/site-packages (from torch>=1.9.0->-r /home/bdp1083/Code1_5_ModelTraining_9Feb_Ben/requirements.txt (line 2)) (12.8.90)
Requirement already satisfied: nvidia-cudnn-cu12==9.10.2.21 in /projects/e32998/env/lib/python3.12/site-packages (from torch>=1.9.0->-r /home/bdp1083/Code1_5_ModelTraining_9Feb_Ben/requirements.txt (line 2)) (9.10.2.21)
Requirement already satisfied: nvidia-cublas-cu12==12.8.4.1 in /projects/e32998/env/lib/python3.12/site-packages (from torch>=1.9.0->-r /home/bdp1083/Code1_5_ModelTraining_9Feb_Ben/requirements.txt (line 2)) (12.8.4.1)
Requirement already satisfied: nvidia-cufft-cu12==11.3.3.83 in /projects/e32998/env/lib/python3.12/site-packages (from torch>=1.9.0->-r /home/bdp1083/Code1_5_ModelTraining_9Feb_Ben/requirements.txt (line 2)) (11.3.3.83)
Requirement already satisfied: nvidia-curand-cu12==10.3.9.90 in /projects/e32998/env/lib/python3.12/site-packages (from torch>=1.9.0->-r /home/bdp1083/Code1_5_ModelTraining_9Feb_Ben/requirements.txt (line 2)) (10.3.9.90)
Requirement already satisfied: nvidia-cusolver-cu12==11.7.3.90 in /projects/e32998/env/lib/python3.12/site-packages (from torch>=1.9.0->-r /home/bdp1083/Code1_5_ModelTraining_9Feb_Ben/requirements.txt (line 2)) (11.7.3.90)
Requirement already satisfied: nvidia-cusparse-cu12==12.5.8.93 in /projects/e32998/env/lib/python3.12/site-packages (from torch>=1.9.0->-r /home/bdp1083/Code1_5_ModelTraining_9Feb_Ben/requirements.txt (line 2)) (12.5.8.93)
Requirement already satisfied: nvidia-cusparselt-cu12==0.7.1 in /projects/e32998/env/lib/python3.12/site-packages (from torch>=1.9.0->-r /home/bdp1083/Code1_5_ModelTraining_9Feb_Ben/requirements.txt (line 2)) (0.7.1)
Requirement already satisfied: nvidia-nccl-cu12==2.27.5 in /projects/e32998/env/lib/python3.12/site-packages (from torch>=1.9.0->-r /home/bdp1083/Code1_5_ModelTraining_9Feb_Ben/requirements.txt (line 2)) (2.27.5)
Requirement already satisfied: nvidia-nvshmem-cu12==3.3.20 in /projects/e32998/env/lib/python3.12/site-packages (from torch>=1.9.0->-r /home/bdp1083/Code1_5_ModelTraining_9Feb_Ben/requirements.txt (line 2)) (3.3.20)
Requirement already satisfied: nvidia-nvtx-cu12==12.8.90 in /projects/e32998/env/lib/python3.12/site-packages (from torch>=1.9.0->-r /home/bdp1083/Code1_5_ModelTraining_9Feb_Ben/requirements.txt (line 2)) (12.8.90)
Requirement already satisfied: nvidia-nvjitlink-cu12==12.8.93 in /projects/e32998/env/lib/python3.12/site-packages (from torch>=1.9.0->-r /home/bdp1083/Code1_5_ModelTraining_9Feb_Ben/requirements.txt (line 2)) (12.8.93)
Requirement already satisfied: nvidia-cufile-cu12==1.13.1.3 in /projects/e32998/env/lib/python3.12/site-packages (from torch>=1.9.0->-r /home/bdp1083/Code1_5_ModelTraining_9Feb_Ben/requirements.txt (line 2)) (1.13.1.3)
Requirement already satisfied: triton==3.5.0 in /projects/e32998/env/lib/python3.12/site-packages (from torch>=1.9.0->-r /home/bdp1083/Code1_5_ModelTraining_9Feb_Ben/requirements.txt (line 2)) (3.5.0)
Requirement already satisfied: python-dateutil>=2.8.2 in /projects/e32998/env/lib/python3.12/site-packages (from pandas>=1.3.0->-r /home/bdp1083/Code1_5_ModelTraining_9Feb_Ben/requirements.txt (line 5)) (2.9.0.post0)
Requirement already satisfied: pytz>=2020.1 in /projects/e32998/env/lib/python3.12/site-packages (from pandas>=1.3.0->-r /home/bdp1083/Code1_5_ModelTraining_9Feb_Ben/requirements.txt (line 5)) (2025.2)
Requirement already satisfied: tzdata>=2022.7 in /projects/e32998/env/lib/python3.12/site-packages (from pandas>=1.3.0->-r /home/bdp1083/Code1_5_ModelTraining_9Feb_Ben/requirements.txt (line 5)) (2025.2)
Requirement already satisfied: scipy>=1.8.0 in /projects/e32998/env/lib/python3.12/site-packages (from scikit-learn>=1.0.0->-r /home/bdp1083/Code1_5_ModelTraining_9Feb_Ben/requirements.txt (line 6)) (1.16.3)
Requirement already satisfied: joblib>=1.2.0 in /projects/e32998/env/lib/python3.12/site-packages (from scikit-learn>=1.0.0->-r /home/bdp1083/Code1_5_ModelTraining_9Feb_Ben/requirements.txt (line 6)) (1.5.2)
Requirement already satisfied: threadpoolctl>=3.1.0 in /projects/e32998/env/lib/python3.12/site-packages (from scikit-learn>=1.0.0->-r /home/bdp1083/Code1_5_ModelTraining_9Feb_Ben/requirements.txt (line 6)) (3.6.0)
Requirement already satisfied: contourpy>=1.0.1 in /projects/e32998/env/lib/python3.12/site-packages (from matplotlib>=3.5.0->-r /home/bdp1083/Code1_5_ModelTraining_9Feb_Ben/requirements.txt (line 11)) (1.3.3)
Requirement already satisfied: cycler>=0.10 in /projects/e32998/env/lib/python3.12/site-packages (from matplotlib>=3.5.0->-r /home/bdp1083/Code1_5_ModelTraining_9Feb_Ben/requirements.txt (line 11)) (0.12.1)
Requirement already satisfied: fonttools>=4.22.0 in /projects/e32998/env/lib/python3.12/site-packages (from matplotlib>=3.5.0->-r /home/bdp1083/Code1_5_ModelTraining_9Feb_Ben/requirements.txt (line 11)) (4.60.1)
Requirement already satisfied: kiwisolver>=1.3.1 in /projects/e32998/env/lib/python3.12/site-packages (from matplotlib>=3.5.0->-r /home/bdp1083/Code1_5_ModelTraining_9Feb_Ben/requirements.txt (line 11)) (1.4.9)
Requirement already satisfied: packaging>=20.0 in /projects/e32998/env/lib/python3.12/site-packages (from matplotlib>=3.5.0->-r /home/bdp1083/Code1_5_ModelTraining_9Feb_Ben/requirements.txt (line 11)) (25.0)
Requirement already satisfied: pyparsing>=3 in /projects/e32998/env/lib/python3.12/site-packages (from matplotlib>=3.5.0->-r /home/bdp1083/Code1_5_ModelTraining_9Feb_Ben/requirements.txt (line 11)) (3.2.5)
Requirement already satisfied: alembic>=1.5.0 in /projects/e32998/env/lib/python3.12/site-packages (from optuna>=3.0.0->-r /home/bdp1083/Code1_5_ModelTraining_9Feb_Ben/requirements.txt (line 15)) (1.18.3)
Requirement already satisfied: colorlog in /projects/e32998/env/lib/python3.12/site-packages (from optuna>=3.0.0->-r /home/bdp1083/Code1_5_ModelTraining_9Feb_Ben/requirements.txt (line 15)) (6.10.1)
Requirement already satisfied: sqlalchemy>=1.4.2 in /projects/e32998/env/lib/python3.12/site-packages (from optuna>=3.0.0->-r /home/bdp1083/Code1_5_ModelTraining_9Feb_Ben/requirements.txt (line 15)) (2.0.46)
Requirement already satisfied: PyYAML in /projects/e32998/env/lib/python3.12/site-packages (from optuna>=3.0.0->-r /home/bdp1083/Code1_5_ModelTraining_9Feb_Ben/requirements.txt (line 15)) (6.0.3)
Requirement already satisfied: Mako in /projects/e32998/env/lib/python3.12/site-packages (from alembic>=1.5.0->optuna>=3.0.0->-r /home/bdp1083/Code1_5_ModelTraining_9Feb_Ben/requirements.txt (line 15)) (1.3.10)
Requirement already satisfied: six>=1.5 in /projects/e32998/env/lib/python3.12/site-packages (from python-dateutil>=2.8.2->pandas>=1.3.0->-r /home/bdp1083/Code1_5_ModelTraining_9Feb_Ben/requirements.txt (line 5)) (1.17.0)
Requirement already satisfied: greenlet>=1 in /projects/e32998/env/lib/python3.12/site-packages (from sqlalchemy>=1.4.2->optuna>=3.0.0->-r /home/bdp1083/Code1_5_ModelTraining_9Feb_Ben/requirements.txt (line 15)) (3.3.1)
Requirement already satisfied: mpmath<1.4,>=1.1.0 in /projects/e32998/env/lib/python3.12/site-packages (from sympy>=1.13.3->torch>=1.9.0->-r /home/bdp1083/Code1_5_ModelTraining_9Feb_Ben/requirements.txt (line 2)) (1.3.0)
Requirement already satisfied: MarkupSafe>=2.0 in /projects/e32998/env/lib/python3.12/site-packages (from jinja2->torch>=1.9.0->-r /home/bdp1083/Code1_5_ModelTraining_9Feb_Ben/requirements.txt (line 2)) (3.0.3)
Requirement already satisfied: certifi in /projects/e32998/env/lib/python3.12/site-packages (2026.1.4)
Random seed set to 42
Using CPU
================================================================================
OPTUNA HYPERPARAMETER OPTIMIZATION FOR MIL
================================================================================
Device: cpu
Number of trials: 20
Epochs per trial: 10
Pruning warmup: 3 epochs
Per slice cap: 500
Max slices per stain: 5
Output directory: ./optuna_results
============================================================
PREPARING DATA
============================================================
Loaded 105 labels
Found 83595 patch files
All 3808 non-standard file names were handled.
Grouped into 378 slices
Mapped 366 slices to classes
Class distribution: {0: 128, 1: 238}

----------------------------------------
SPLITTING DATA
----------------------------------------
Loading existing splits from: /home/bdp1083/Code1_5_ModelTraining_9Feb_Ben/data_splits/data_splits_01.npz
Data splits loaded from: /home/bdp1083/Code1_5_ModelTraining_9Feb_Ben/data_splits/data_splits_01.npz
Loaded splits - Train: 222, Val: 72
Cases per split: 50 17 0
Paths per split: 47679 15631 0
No leakage between train & val (cases).
No leakage between train & test (cases).
No leakage between val & test (cases).
No leakage between train & val (paths).
No leakage between train & test (paths).
No leakage between val & test (paths).

============================================================
CREATING DATA LOADERS
============================================================
Train batches: 50
Val batches: 17

============================================================
CREATING OPTUNA STUDY
============================================================

============================================================
STARTING OPTIMIZATION
============================================================

============================================================
Trial 0
============================================================
Parameters:
  Learning rate: 1.83e-04
  Weight decay: 4.46e-04
  Dropout: 0.420
  Class weight (benign): 2.70
  Scheduler patience: 3
  Scheduler factor: 0.36
  Use scheduler: True
  Scheduler min lr: 1.00e-06
