Job ID: 2020238
Start time: Sun Mar  8 19:42:28 CDT 2026
Requirement already satisfied: torch>=1.9.0 in /projects/e32998/env/lib/python3.12/site-packages (from -r /projects/e32998/STAT390_Krish/Code/Code9_no_leakage/requirements.txt (line 2)) (2.9.0)
Requirement already satisfied: torchvision>=0.10.0 in /projects/e32998/env/lib/python3.12/site-packages (from -r /projects/e32998/STAT390_Krish/Code/Code9_no_leakage/requirements.txt (line 3)) (0.24.0)
Requirement already satisfied: numpy>=1.21.0 in /projects/e32998/env/lib/python3.12/site-packages (from -r /projects/e32998/STAT390_Krish/Code/Code9_no_leakage/requirements.txt (line 4)) (2.3.4)
Requirement already satisfied: pandas>=1.3.0 in /projects/e32998/env/lib/python3.12/site-packages (from -r /projects/e32998/STAT390_Krish/Code/Code9_no_leakage/requirements.txt (line 5)) (2.3.3)
Requirement already satisfied: scikit-learn>=1.0.0 in /projects/e32998/env/lib/python3.12/site-packages (from -r /projects/e32998/STAT390_Krish/Code/Code9_no_leakage/requirements.txt (line 6)) (1.7.2)
Requirement already satisfied: Pillow>=8.3.0 in /projects/e32998/env/lib/python3.12/site-packages (from -r /projects/e32998/STAT390_Krish/Code/Code9_no_leakage/requirements.txt (line 7)) (12.0.0)
Requirement already satisfied: tqdm>=4.62.0 in /projects/e32998/env/lib/python3.12/site-packages (from -r /projects/e32998/STAT390_Krish/Code/Code9_no_leakage/requirements.txt (line 8)) (4.67.1)
Requirement already satisfied: matplotlib>=3.5.0 in /projects/e32998/env/lib/python3.12/site-packages (from -r /projects/e32998/STAT390_Krish/Code/Code9_no_leakage/requirements.txt (line 11)) (3.10.7)
Requirement already satisfied: seaborn>=0.11.0 in /projects/e32998/env/lib/python3.12/site-packages (from -r /projects/e32998/STAT390_Krish/Code/Code9_no_leakage/requirements.txt (line 12)) (0.13.2)
Requirement already satisfied: optuna>=3.0.0 in /projects/e32998/env/lib/python3.12/site-packages (from -r /projects/e32998/STAT390_Krish/Code/Code9_no_leakage/requirements.txt (line 15)) (4.7.0)
Requirement already satisfied: psutil>=5.8.0 in /projects/e32998/env/lib/python3.12/site-packages (from -r /projects/e32998/STAT390_Krish/Code/Code9_no_leakage/requirements.txt (line 18)) (7.1.2)
Requirement already satisfied: imbalanced-learn>=0.8.0 in /projects/e32998/env/lib/python3.12/site-packages (from -r /projects/e32998/STAT390_Krish/Code/Code9_no_leakage/requirements.txt (line 21)) (0.14.0)
Requirement already satisfied: filelock in /projects/e32998/env/lib/python3.12/site-packages (from torch>=1.9.0->-r /projects/e32998/STAT390_Krish/Code/Code9_no_leakage/requirements.txt (line 2)) (3.20.0)
Requirement already satisfied: typing-extensions>=4.10.0 in /projects/e32998/env/lib/python3.12/site-packages (from torch>=1.9.0->-r /projects/e32998/STAT390_Krish/Code/Code9_no_leakage/requirements.txt (line 2)) (4.15.0)
Requirement already satisfied: setuptools in /projects/e32998/env/lib/python3.12/site-packages (from torch>=1.9.0->-r /projects/e32998/STAT390_Krish/Code/Code9_no_leakage/requirements.txt (line 2)) (80.9.0)
Requirement already satisfied: sympy>=1.13.3 in /projects/e32998/env/lib/python3.12/site-packages (from torch>=1.9.0->-r /projects/e32998/STAT390_Krish/Code/Code9_no_leakage/requirements.txt (line 2)) (1.14.0)
Requirement already satisfied: networkx>=2.5.1 in /projects/e32998/env/lib/python3.12/site-packages (from torch>=1.9.0->-r /projects/e32998/STAT390_Krish/Code/Code9_no_leakage/requirements.txt (line 2)) (3.5)
Requirement already satisfied: jinja2 in /projects/e32998/env/lib/python3.12/site-packages (from torch>=1.9.0->-r /projects/e32998/STAT390_Krish/Code/Code9_no_leakage/requirements.txt (line 2)) (3.1.6)
Requirement already satisfied: fsspec>=0.8.5 in /projects/e32998/env/lib/python3.12/site-packages (from torch>=1.9.0->-r /projects/e32998/STAT390_Krish/Code/Code9_no_leakage/requirements.txt (line 2)) (2025.9.0)
Requirement already satisfied: nvidia-cuda-nvrtc-cu12==12.8.93 in /projects/e32998/env/lib/python3.12/site-packages (from torch>=1.9.0->-r /projects/e32998/STAT390_Krish/Code/Code9_no_leakage/requirements.txt (line 2)) (12.8.93)
Requirement already satisfied: nvidia-cuda-runtime-cu12==12.8.90 in /projects/e32998/env/lib/python3.12/site-packages (from torch>=1.9.0->-r /projects/e32998/STAT390_Krish/Code/Code9_no_leakage/requirements.txt (line 2)) (12.8.90)
Requirement already satisfied: nvidia-cuda-cupti-cu12==12.8.90 in /projects/e32998/env/lib/python3.12/site-packages (from torch>=1.9.0->-r /projects/e32998/STAT390_Krish/Code/Code9_no_leakage/requirements.txt (line 2)) (12.8.90)
Requirement already satisfied: nvidia-cudnn-cu12==9.10.2.21 in /projects/e32998/env/lib/python3.12/site-packages (from torch>=1.9.0->-r /projects/e32998/STAT390_Krish/Code/Code9_no_leakage/requirements.txt (line 2)) (9.10.2.21)
Requirement already satisfied: nvidia-cublas-cu12==12.8.4.1 in /projects/e32998/env/lib/python3.12/site-packages (from torch>=1.9.0->-r /projects/e32998/STAT390_Krish/Code/Code9_no_leakage/requirements.txt (line 2)) (12.8.4.1)
Requirement already satisfied: nvidia-cufft-cu12==11.3.3.83 in /projects/e32998/env/lib/python3.12/site-packages (from torch>=1.9.0->-r /projects/e32998/STAT390_Krish/Code/Code9_no_leakage/requirements.txt (line 2)) (11.3.3.83)
Requirement already satisfied: nvidia-curand-cu12==10.3.9.90 in /projects/e32998/env/lib/python3.12/site-packages (from torch>=1.9.0->-r /projects/e32998/STAT390_Krish/Code/Code9_no_leakage/requirements.txt (line 2)) (10.3.9.90)
Requirement already satisfied: nvidia-cusolver-cu12==11.7.3.90 in /projects/e32998/env/lib/python3.12/site-packages (from torch>=1.9.0->-r /projects/e32998/STAT390_Krish/Code/Code9_no_leakage/requirements.txt (line 2)) (11.7.3.90)
Requirement already satisfied: nvidia-cusparse-cu12==12.5.8.93 in /projects/e32998/env/lib/python3.12/site-packages (from torch>=1.9.0->-r /projects/e32998/STAT390_Krish/Code/Code9_no_leakage/requirements.txt (line 2)) (12.5.8.93)
Requirement already satisfied: nvidia-cusparselt-cu12==0.7.1 in /projects/e32998/env/lib/python3.12/site-packages (from torch>=1.9.0->-r /projects/e32998/STAT390_Krish/Code/Code9_no_leakage/requirements.txt (line 2)) (0.7.1)
Requirement already satisfied: nvidia-nccl-cu12==2.27.5 in /projects/e32998/env/lib/python3.12/site-packages (from torch>=1.9.0->-r /projects/e32998/STAT390_Krish/Code/Code9_no_leakage/requirements.txt (line 2)) (2.27.5)
Requirement already satisfied: nvidia-nvshmem-cu12==3.3.20 in /projects/e32998/env/lib/python3.12/site-packages (from torch>=1.9.0->-r /projects/e32998/STAT390_Krish/Code/Code9_no_leakage/requirements.txt (line 2)) (3.3.20)
Requirement already satisfied: nvidia-nvtx-cu12==12.8.90 in /projects/e32998/env/lib/python3.12/site-packages (from torch>=1.9.0->-r /projects/e32998/STAT390_Krish/Code/Code9_no_leakage/requirements.txt (line 2)) (12.8.90)
Requirement already satisfied: nvidia-nvjitlink-cu12==12.8.93 in /projects/e32998/env/lib/python3.12/site-packages (from torch>=1.9.0->-r /projects/e32998/STAT390_Krish/Code/Code9_no_leakage/requirements.txt (line 2)) (12.8.93)
Requirement already satisfied: nvidia-cufile-cu12==1.13.1.3 in /projects/e32998/env/lib/python3.12/site-packages (from torch>=1.9.0->-r /projects/e32998/STAT390_Krish/Code/Code9_no_leakage/requirements.txt (line 2)) (1.13.1.3)
Requirement already satisfied: triton==3.5.0 in /projects/e32998/env/lib/python3.12/site-packages (from torch>=1.9.0->-r /projects/e32998/STAT390_Krish/Code/Code9_no_leakage/requirements.txt (line 2)) (3.5.0)
Requirement already satisfied: python-dateutil>=2.8.2 in /projects/e32998/env/lib/python3.12/site-packages (from pandas>=1.3.0->-r /projects/e32998/STAT390_Krish/Code/Code9_no_leakage/requirements.txt (line 5)) (2.9.0.post0)
Requirement already satisfied: pytz>=2020.1 in /projects/e32998/env/lib/python3.12/site-packages (from pandas>=1.3.0->-r /projects/e32998/STAT390_Krish/Code/Code9_no_leakage/requirements.txt (line 5)) (2025.2)
Requirement already satisfied: tzdata>=2022.7 in /projects/e32998/env/lib/python3.12/site-packages (from pandas>=1.3.0->-r /projects/e32998/STAT390_Krish/Code/Code9_no_leakage/requirements.txt (line 5)) (2025.2)
Requirement already satisfied: scipy>=1.8.0 in /projects/e32998/env/lib/python3.12/site-packages (from scikit-learn>=1.0.0->-r /projects/e32998/STAT390_Krish/Code/Code9_no_leakage/requirements.txt (line 6)) (1.16.3)
Requirement already satisfied: joblib>=1.2.0 in /projects/e32998/env/lib/python3.12/site-packages (from scikit-learn>=1.0.0->-r /projects/e32998/STAT390_Krish/Code/Code9_no_leakage/requirements.txt (line 6)) (1.5.2)
Requirement already satisfied: threadpoolctl>=3.1.0 in /projects/e32998/env/lib/python3.12/site-packages (from scikit-learn>=1.0.0->-r /projects/e32998/STAT390_Krish/Code/Code9_no_leakage/requirements.txt (line 6)) (3.6.0)
Requirement already satisfied: contourpy>=1.0.1 in /projects/e32998/env/lib/python3.12/site-packages (from matplotlib>=3.5.0->-r /projects/e32998/STAT390_Krish/Code/Code9_no_leakage/requirements.txt (line 11)) (1.3.3)
Requirement already satisfied: cycler>=0.10 in /projects/e32998/env/lib/python3.12/site-packages (from matplotlib>=3.5.0->-r /projects/e32998/STAT390_Krish/Code/Code9_no_leakage/requirements.txt (line 11)) (0.12.1)
Requirement already satisfied: fonttools>=4.22.0 in /projects/e32998/env/lib/python3.12/site-packages (from matplotlib>=3.5.0->-r /projects/e32998/STAT390_Krish/Code/Code9_no_leakage/requirements.txt (line 11)) (4.60.1)
Requirement already satisfied: kiwisolver>=1.3.1 in /projects/e32998/env/lib/python3.12/site-packages (from matplotlib>=3.5.0->-r /projects/e32998/STAT390_Krish/Code/Code9_no_leakage/requirements.txt (line 11)) (1.4.9)
Requirement already satisfied: packaging>=20.0 in /projects/e32998/env/lib/python3.12/site-packages (from matplotlib>=3.5.0->-r /projects/e32998/STAT390_Krish/Code/Code9_no_leakage/requirements.txt (line 11)) (25.0)
Requirement already satisfied: pyparsing>=3 in /projects/e32998/env/lib/python3.12/site-packages (from matplotlib>=3.5.0->-r /projects/e32998/STAT390_Krish/Code/Code9_no_leakage/requirements.txt (line 11)) (3.2.5)
Requirement already satisfied: alembic>=1.5.0 in /projects/e32998/env/lib/python3.12/site-packages (from optuna>=3.0.0->-r /projects/e32998/STAT390_Krish/Code/Code9_no_leakage/requirements.txt (line 15)) (1.18.3)
Requirement already satisfied: colorlog in /projects/e32998/env/lib/python3.12/site-packages (from optuna>=3.0.0->-r /projects/e32998/STAT390_Krish/Code/Code9_no_leakage/requirements.txt (line 15)) (6.10.1)
Requirement already satisfied: sqlalchemy>=1.4.2 in /projects/e32998/env/lib/python3.12/site-packages (from optuna>=3.0.0->-r /projects/e32998/STAT390_Krish/Code/Code9_no_leakage/requirements.txt (line 15)) (2.0.46)
Requirement already satisfied: PyYAML in /projects/e32998/env/lib/python3.12/site-packages (from optuna>=3.0.0->-r /projects/e32998/STAT390_Krish/Code/Code9_no_leakage/requirements.txt (line 15)) (6.0.3)
Requirement already satisfied: Mako in /projects/e32998/env/lib/python3.12/site-packages (from alembic>=1.5.0->optuna>=3.0.0->-r /projects/e32998/STAT390_Krish/Code/Code9_no_leakage/requirements.txt (line 15)) (1.3.10)
Requirement already satisfied: six>=1.5 in /projects/e32998/env/lib/python3.12/site-packages (from python-dateutil>=2.8.2->pandas>=1.3.0->-r /projects/e32998/STAT390_Krish/Code/Code9_no_leakage/requirements.txt (line 5)) (1.17.0)
Requirement already satisfied: greenlet>=1 in /projects/e32998/env/lib/python3.12/site-packages (from sqlalchemy>=1.4.2->optuna>=3.0.0->-r /projects/e32998/STAT390_Krish/Code/Code9_no_leakage/requirements.txt (line 15)) (3.3.1)
Requirement already satisfied: mpmath<1.4,>=1.1.0 in /projects/e32998/env/lib/python3.12/site-packages (from sympy>=1.13.3->torch>=1.9.0->-r /projects/e32998/STAT390_Krish/Code/Code9_no_leakage/requirements.txt (line 2)) (1.3.0)
Requirement already satisfied: MarkupSafe>=2.0 in /projects/e32998/env/lib/python3.12/site-packages (from jinja2->torch>=1.9.0->-r /projects/e32998/STAT390_Krish/Code/Code9_no_leakage/requirements.txt (line 2)) (3.0.3)
Requirement already satisfied: certifi in /projects/e32998/env/lib/python3.12/site-packages (2026.2.25)
================================================================================
CREATING DATA SPLITS (GROUPED CASES + MATCHED PROPORTIONS)
================================================================================
labels_csv:        /projects/e32998/STAT390_Krish/Code/Code9_no_leakage/extra_benign_case_grade_match.csv
patches_dir:       /projects/e32998/patches_benign_split
seed:              42
save_dir:          /projects/e32998/STAT390_Krish/Code/Code9_no_leakage/no_train_val_leakage_splits
grouped_cases:     [(22, 107, 108), (24, 118), (25, 119), (26, 109, 110, 111)]
ratios (targets):  train=0.6, val=0.2, test=0.2
max_ratio_den:     20

Loaded 118 label rows
Found 83630 files in patches_dir
All 3808 non-standard file names were handled.
Grouped into 383 slices
Mapped 371 slices to classes

Overall case counts:
  Total:  93  |  Benign: 35  |  High: 58

================================================================================
Fold 1
================================================================================

Final achieved high-grade ratios:
  Train: 36/57 = 0.631579
  Val:   11/18 = 0.611111
  Test:  11/18 = 0.611111

Slice counts after split:
  Train slices: 247
  Val slices:   53
  Test slices:  71

----------------------------------------
LEAK CHECK
----------------------------------------
Cases per split: 57 18 18
Paths per split: 51810 14101 14130
No leakage between train & val (cases).
No leakage between train & test (cases).
No leakage between val & test (cases).
No leakage between train & val (paths).
No leakage between train & test (paths).
No leakage between val & test (paths).

========================================
TRAIN SPLIT
========================================
Total cases:      57
Benign (0):       21
High-grade (1):   36
High-grade ratio: 0.631579

Benign CASE IDs:
[21, 22, 24, 26, 28, 34, 45, 46, 53, 77, 82, 85, 86, 93, 94, 107, 108, 109, 110, 111, 118]

High-grade CASE IDs:
[3, 7, 9, 11, 15, 16, 17, 32, 38, 40, 41, 42, 48, 50, 51, 55, 57, 58, 60, 61, 63, 67, 68, 70, 73, 75, 80, 87, 88, 91, 97, 99, 100, 101, 104, 106]

========================================
VAL SPLIT
========================================
Total cases:      18
Benign (0):       7
High-grade (1):   11
High-grade ratio: 0.611111

Benign CASE IDs:
[2, 4, 23, 30, 43, 78, 96]

High-grade CASE IDs:
[1, 12, 18, 47, 52, 59, 64, 69, 83, 89, 95]

========================================
TEST SPLIT
========================================
Total cases:      18
Benign (0):       7
High-grade (1):   11
High-grade ratio: 0.611111

Benign CASE IDs:
[25, 27, 36, 56, 79, 90, 119]

High-grade CASE IDs:
[5, 14, 19, 44, 49, 54, 66, 72, 84, 92, 98]
Data splits saved to: /projects/e32998/STAT390_Krish/Code/Code9_no_leakage/no_train_val_leakage_splits/data_splits_new_01.npz

========================================
DONE
========================================
Saved: /projects/e32998/STAT390_Krish/Code/Code9_no_leakage/no_train_val_leakage_splits/data_splits_new_01.npz
Use it like:
  python main.py --load_splits /projects/e32998/STAT390_Krish/Code/Code9_no_leakage/no_train_val_leakage_splits/data_splits_new_01.npz

================================================================================
Fold 2
================================================================================

Final achieved high-grade ratios:
  Train: 35/56 = 0.625000
  Val:   11/18 = 0.611111
  Test:  12/19 = 0.631579

Slice counts after split:
  Train slices: 233
  Val slices:   71
  Test slices:  67

----------------------------------------
LEAK CHECK
----------------------------------------
Cases per split: 56 18 19
Paths per split: 50430 14130 15481
No leakage between train & val (cases).
No leakage between train & test (cases).
No leakage between val & test (cases).
No leakage between train & val (paths).
No leakage between train & test (paths).
No leakage between val & test (paths).

========================================
TRAIN SPLIT
========================================
Total cases:      56
Benign (0):       21
High-grade (1):   35
High-grade ratio: 0.625000

Benign CASE IDs:
[2, 4, 21, 22, 23, 24, 28, 30, 34, 43, 46, 53, 77, 78, 85, 93, 94, 96, 107, 108, 118]

High-grade CASE IDs:
[1, 3, 7, 11, 12, 15, 17, 18, 38, 41, 42, 47, 48, 51, 52, 57, 58, 59, 61, 63, 64, 68, 69, 70, 75, 80, 83, 87, 88, 89, 95, 97, 100, 104, 106]

========================================
VAL SPLIT
========================================
Total cases:      18
Benign (0):       7
High-grade (1):   11
High-grade ratio: 0.611111

Benign CASE IDs:
[25, 27, 36, 56, 79, 90, 119]

High-grade CASE IDs:
[5, 14, 19, 44, 49, 54, 66, 72, 84, 92, 98]

========================================
TEST SPLIT
========================================
Total cases:      19
Benign (0):       7
High-grade (1):   12
High-grade ratio: 0.631579

Benign CASE IDs:
[26, 45, 82, 86, 109, 110, 111]

High-grade CASE IDs:
[9, 16, 32, 40, 50, 55, 60, 67, 73, 91, 99, 101]
Data splits saved to: /projects/e32998/STAT390_Krish/Code/Code9_no_leakage/no_train_val_leakage_splits/data_splits_new_02.npz

========================================
DONE
========================================
Saved: /projects/e32998/STAT390_Krish/Code/Code9_no_leakage/no_train_val_leakage_splits/data_splits_new_02.npz
Use it like:
  python main.py --load_splits /projects/e32998/STAT390_Krish/Code/Code9_no_leakage/no_train_val_leakage_splits/data_splits_new_02.npz

================================================================================
Fold 3
================================================================================

Final achieved high-grade ratios:
  Train: 34/55 = 0.618182
  Val:   12/19 = 0.631579
  Test:  12/19 = 0.631579

Slice counts after split:
  Train slices: 197
  Val slices:   67
  Test slices:  107

----------------------------------------
LEAK CHECK
----------------------------------------
Cases per split: 55 19 19
Paths per split: 42291 15481 22269
No leakage between train & val (cases).
No leakage between train & test (cases).
No leakage between val & test (cases).
No leakage between train & val (paths).
No leakage between train & test (paths).
No leakage between val & test (paths).

========================================
TRAIN SPLIT
========================================
Total cases:      55
Benign (0):       21
High-grade (1):   34
High-grade ratio: 0.618182

Benign CASE IDs:
[2, 4, 21, 23, 24, 25, 27, 30, 34, 36, 43, 53, 56, 77, 78, 79, 90, 94, 96, 118, 119]

High-grade CASE IDs:
[1, 3, 5, 11, 12, 14, 17, 18, 19, 42, 44, 47, 48, 49, 52, 54, 58, 59, 63, 64, 66, 69, 70, 72, 80, 83, 84, 88, 89, 92, 95, 97, 98, 106]

========================================
VAL SPLIT
========================================
Total cases:      19
Benign (0):       7
High-grade (1):   12
High-grade ratio: 0.631579

Benign CASE IDs:
[26, 45, 82, 86, 109, 110, 111]

High-grade CASE IDs:
[9, 16, 32, 40, 50, 55, 60, 67, 73, 91, 99, 101]

========================================
TEST SPLIT
========================================
Total cases:      19
Benign (0):       7
High-grade (1):   12
High-grade ratio: 0.631579

Benign CASE IDs:
[22, 28, 46, 85, 93, 107, 108]

High-grade CASE IDs:
[7, 15, 38, 41, 51, 57, 61, 68, 75, 87, 100, 104]
Data splits saved to: /projects/e32998/STAT390_Krish/Code/Code9_no_leakage/no_train_val_leakage_splits/data_splits_new_03.npz

========================================
DONE
========================================
Saved: /projects/e32998/STAT390_Krish/Code/Code9_no_leakage/no_train_val_leakage_splits/data_splits_new_03.npz
Use it like:
  python main.py --load_splits /projects/e32998/STAT390_Krish/Code/Code9_no_leakage/no_train_val_leakage_splits/data_splits_new_03.npz

================================================================================
Fold 4
================================================================================

Final achieved high-grade ratios:
  Train: 34/55 = 0.618182
  Val:   12/19 = 0.631579
  Test:  12/19 = 0.631579

Slice counts after split:
  Train slices: 191
  Val slices:   107
  Test slices:  73

----------------------------------------
LEAK CHECK
----------------------------------------
Cases per split: 55 19 19
Paths per split: 43712 22269 14060
No leakage between train & val (cases).
No leakage between train & test (cases).
No leakage between val & test (cases).
No leakage between train & val (paths).
No leakage between train & test (paths).
No leakage between val & test (paths).

========================================
TRAIN SPLIT
========================================
Total cases:      55
Benign (0):       21
High-grade (1):   34
High-grade ratio: 0.618182

Benign CASE IDs:
[2, 4, 23, 25, 26, 27, 30, 36, 43, 45, 56, 78, 79, 82, 86, 90, 96, 109, 110, 111, 119]

High-grade CASE IDs:
[1, 5, 9, 12, 14, 16, 18, 19, 32, 40, 44, 47, 49, 50, 52, 54, 55, 59, 60, 64, 66, 67, 69, 72, 73, 83, 84, 89, 91, 92, 95, 98, 99, 101]

========================================
VAL SPLIT
========================================
Total cases:      19
Benign (0):       7
High-grade (1):   12
High-grade ratio: 0.631579

Benign CASE IDs:
[22, 28, 46, 85, 93, 107, 108]

High-grade CASE IDs:
[7, 15, 38, 41, 51, 57, 61, 68, 75, 87, 100, 104]

========================================
TEST SPLIT
========================================
Total cases:      19
Benign (0):       7
High-grade (1):   12
High-grade ratio: 0.631579

Benign CASE IDs:
[21, 24, 34, 53, 77, 94, 118]

High-grade CASE IDs:
[3, 11, 17, 42, 48, 58, 63, 70, 80, 88, 97, 106]
Data splits saved to: /projects/e32998/STAT390_Krish/Code/Code9_no_leakage/no_train_val_leakage_splits/data_splits_new_04.npz

========================================
DONE
========================================
Saved: /projects/e32998/STAT390_Krish/Code/Code9_no_leakage/no_train_val_leakage_splits/data_splits_new_04.npz
Use it like:
  python main.py --load_splits /projects/e32998/STAT390_Krish/Code/Code9_no_leakage/no_train_val_leakage_splits/data_splits_new_04.npz

================================================================================
Fold 5
================================================================================

Final achieved high-grade ratios:
  Train: 35/56 = 0.625000
  Val:   12/19 = 0.631579
  Test:  11/18 = 0.611111

Slice counts after split:
  Train slices: 245
  Val slices:   73
  Test slices:  53

----------------------------------------
LEAK CHECK
----------------------------------------
Cases per split: 56 19 18
Paths per split: 51880 14060 14101
No leakage between train & val (cases).
No leakage between train & test (cases).
No leakage between val & test (cases).
No leakage between train & val (paths).
No leakage between train & test (paths).
No leakage between val & test (paths).

========================================
TRAIN SPLIT
========================================
Total cases:      56
Benign (0):       21
High-grade (1):   35
High-grade ratio: 0.625000

Benign CASE IDs:
[22, 25, 26, 27, 28, 36, 45, 46, 56, 79, 82, 85, 86, 90, 93, 107, 108, 109, 110, 111, 119]

High-grade CASE IDs:
[5, 7, 9, 14, 15, 16, 19, 32, 38, 40, 41, 44, 49, 50, 51, 54, 55, 57, 60, 61, 66, 67, 68, 72, 73, 75, 84, 87, 91, 92, 98, 99, 100, 101, 104]

========================================
VAL SPLIT
========================================
Total cases:      19
Benign (0):       7
High-grade (1):   12
High-grade ratio: 0.631579

Benign CASE IDs:
[21, 24, 34, 53, 77, 94, 118]

High-grade CASE IDs:
[3, 11, 17, 42, 48, 58, 63, 70, 80, 88, 97, 106]

========================================
TEST SPLIT
========================================
Total cases:      18
Benign (0):       7
High-grade (1):   11
High-grade ratio: 0.611111

Benign CASE IDs:
[2, 4, 23, 30, 43, 78, 96]

High-grade CASE IDs:
[1, 12, 18, 47, 52, 59, 64, 69, 83, 89, 95]
Data splits saved to: /projects/e32998/STAT390_Krish/Code/Code9_no_leakage/no_train_val_leakage_splits/data_splits_new_05.npz

========================================
DONE
========================================
Saved: /projects/e32998/STAT390_Krish/Code/Code9_no_leakage/no_train_val_leakage_splits/data_splits_new_05.npz
Use it like:
  python main.py --load_splits /projects/e32998/STAT390_Krish/Code/Code9_no_leakage/no_train_val_leakage_splits/data_splits_new_05.npz
